<?xml version="1.0" encoding="UTF-8"?>
<testsuite xmlns:xsi="http://www.w3.org/2001/XMLSchema-instance" xsi:noNamespaceSchemaLocation="https://maven.apache.org/surefire/maven-surefire-plugin/xsd/surefire-test-report.xsd" version="3.0.2" name="com.example.taskflow.service.TaskServiceTest" time="0.315" tests="9" errors="0" skipped="0" failures="0">
  <properties>
[...]
</properties>
  <testcase name="updateTaskStatus_updatesStatusAndUpdatedAt" classname="com.example.taskflow.service.TaskServiceTest" time="0.23"/>
  <testcase name="deleteTask_removesTaskWhenExists" classname="com.example.taskflow.service.TaskServiceTest" time="0.006"/>
  <testcase name="getAllTasks_returnsSummaries" classname="com.example.taskflow.service.TaskServiceTest" time="0.006"/>
  <testcase name="getTaskById_throwsWhenNotFound" classname="com.example.taskflow.service.TaskServiceTest" time="0.03"/>
  <testcase name="updateTaskStatus_throwsWhenStatusInvalid" classname="com.example.taskflow.service.TaskServiceTest" time="0.009"/>
  <testcase name="getTaskById_returnsTaskWhenFound" classname="com.example.taskflow.service.TaskServiceTest" time="0.004"/>
  <testcase name="createTask_setsPendingStatusAndDates" classname="com.example.taskflow.service.TaskServiceTest" time="0.005"/>
  <testcase name="deleteTask_throwsWhenNotFound" classname="com.example.taskflow.service.TaskServiceTest" time="0.005"/>
  <testcase name="updateTaskStatus_throwsWhenTaskNotFound" classname="com.example.taskflow.service.TaskServiceTest" time="0.008"/>
</testsuite>